{
  "stats": {
    "suites": 1,
    "tests": 1,
    "passes": 1,
    "pending": 0,
    "failures": 0,
    "start": "2022-10-30T13:16:33.346Z",
    "end": "2022-10-30T13:16:35.328Z",
    "duration": 1982,
    "testsRegistered": 1,
    "passPercent": 100,
    "pendingPercent": 0,
    "other": 0,
    "hasOther": false,
    "skipped": 0,
    "hasSkipped": false
  },
  "results": [
    {
      "uuid": "2a7d9aea-331c-4d95-9c3a-d621fcf2cfc1",
      "title": "",
      "fullFile": "cypress/e2e/5 - authorizationPageObject.cy.js",
      "file": "cypress/e2e/5 - authorizationPageObject.cy.js",
      "beforeHooks": [],
      "afterHooks": [],
      "tests": [],
      "suites": [
        {
          "uuid": "72c94faf-00cd-471d-8a30-3fa2c3ffbd12",
          "title": "Authorization suite",
          "fullFile": "",
          "file": "",
          "beforeHooks": [],
          "afterHooks": [],
          "tests": [
            {
              "title": "Authorization",
              "fullTitle": "Authorization suite Authorization",
              "timedOut": null,
              "duration": 1957,
              "state": "passed",
              "speed": "fast",
              "pass": true,
              "fail": false,
              "pending": false,
              "context": null,
              "code": "_LoginPage.default.visit();\n_LoginPage.default.assertUserUnauthorized();\n_LoginPage.default.submitLoginForm(_user.default.email, _user.default.password);",
              "err": {},
              "uuid": "94db86ca-45a7-40a4-bd38-99dd50446e3e",
              "parentUUID": "72c94faf-00cd-471d-8a30-3fa2c3ffbd12",
              "isHook": false,
              "skipped": false
            }
          ],
          "suites": [],
          "passes": [
            "94db86ca-45a7-40a4-bd38-99dd50446e3e"
          ],
          "failures": [],
          "pending": [],
          "skipped": [],
          "duration": 1957,
          "root": false,
          "rootEmpty": false,
          "_timeout": 2000
        }
      ],
      "passes": [],
      "failures": [],
      "pending": [],
      "skipped": [],
      "duration": 0,
      "root": true,
      "rootEmpty": true,
      "_timeout": 2000
    }
  ],
  "meta": {
    "mocha": {
      "version": "7.0.1"
    },
    "mochawesome": {
      "options": {
        "quiet": false,
        "reportFilename": "mochawesome",
        "saveHtml": true,
        "saveJson": true,
        "consoleReporter": "spec",
        "useInlineDiffs": false,
        "code": true
      },
      "version": "7.1.3"
    },
    "marge": {
      "options": {
        "configFile": "reporter-config.json",
        "reportDir": "cypress/results",
        "overwrite": false,
        "html": true,
        "json": true
      },
      "version": "6.2.0"
    }
  }
}