{
  "stats": {
    "suites": 0,
    "tests": 1,
    "passes": 1,
    "pending": 0,
    "failures": 0,
    "start": "2022-10-30T14:23:56.360Z",
    "end": "2022-10-30T14:23:58.475Z",
    "duration": 2115,
    "testsRegistered": 1,
    "passPercent": 100,
    "pendingPercent": 0,
    "other": 0,
    "hasOther": false,
    "skipped": 0,
    "hasSkipped": false
  },
  "results": [
    {
      "uuid": "4e72d9d8-8968-4697-975a-67c401470c3f",
      "title": "",
      "fullFile": "cypress/e2e/findProductInGeneralList.cy.js",
      "file": "cypress/e2e/findProductInGeneralList.cy.js",
      "beforeHooks": [],
      "afterHooks": [],
      "tests": [
        {
          "title": "Product found on general list",
          "fullTitle": "Product found on general list",
          "timedOut": null,
          "duration": 2101,
          "state": "passed",
          "speed": "fast",
          "pass": true,
          "fail": false,
          "pending": false,
          "context": null,
          "code": "cy.visit('/');\ncy.get('#filter_keyword').type('i').closest(\"form\").submit();\ncy.findProductByName('Lancome Visionnaire Advanced Skin Corrector');",
          "err": {},
          "uuid": "25a5204a-fc90-4c58-92b5-2e0b3167d072",
          "parentUUID": "4e72d9d8-8968-4697-975a-67c401470c3f",
          "isHook": false,
          "skipped": false
        }
      ],
      "suites": [],
      "passes": [
        "25a5204a-fc90-4c58-92b5-2e0b3167d072"
      ],
      "failures": [],
      "pending": [],
      "skipped": [],
      "duration": 2101,
      "root": true,
      "rootEmpty": false,
      "_timeout": 2000
    }
  ],
  "meta": {
    "mocha": {
      "version": "7.0.1"
    },
    "mochawesome": {
      "options": {
        "quiet": false,
        "reportFilename": "mochawesome",
        "saveHtml": true,
        "saveJson": true,
        "consoleReporter": "spec",
        "useInlineDiffs": false,
        "code": true
      },
      "version": "7.1.3"
    },
    "marge": {
      "options": {
        "configFile": "reporter-config.json",
        "reportDir": "cypress/results",
        "overwrite": false,
        "html": true,
        "json": true
      },
      "version": "6.2.0"
    }
  }
}