{
  "stats": {
    "suites": 1,
    "tests": 2,
    "passes": 1,
    "pending": 0,
    "failures": 1,
    "start": "2022-10-30T13:16:09.679Z",
    "end": "2022-10-30T13:16:11.655Z",
    "duration": 1976,
    "testsRegistered": 2,
    "passPercent": 50,
    "pendingPercent": 0,
    "other": 0,
    "hasOther": false,
    "skipped": 0,
    "hasSkipped": false
  },
  "results": [
    {
      "uuid": "eef5107a-689a-47b3-8f6d-17ec4ba8b6ad",
      "title": "",
      "fullFile": "cypress/e2e/2 - authorization.cy.js",
      "file": "cypress/e2e/2 - authorization.cy.js",
      "beforeHooks": [],
      "afterHooks": [],
      "tests": [],
      "suites": [
        {
          "uuid": "44371056-9c98-4fe6-aa0d-bb171ba71f10",
          "title": "qweqwe",
          "fullFile": "",
          "file": "",
          "beforeHooks": [],
          "afterHooks": [],
          "tests": [
            {
              "title": "Authorization",
              "fullTitle": "qweqwe Authorization",
              "timedOut": null,
              "duration": 1812,
              "state": "passed",
              "speed": "fast",
              "pass": true,
              "fail": false,
              "pending": false,
              "context": null,
              "code": "cy.log('Open website login page');\ncy.visit('/index.php?rt=account/login');\ncy.log('Check user is unauthorized');\ncy.getCookie('customer').should('be.null');\ncy.log('Authorize user');\ncy.get('#loginFrm_loginname').type(_user.default.email);\ncy.get('#loginFrm_password').type(_user.default.password);\ncy.get('button[type=\"submit\"]').contains('Login').click();\ncy.log('Extract token');\ncy.getCookie('customer').should('exist').then(cookie => {\n  cookieCustomer = cookie;\n});\ncy.getCookie('AC_SF_8CEFDA09D5').should('exist').then(cookie => {\n  cookieAC_SF_8CEFDA09D5 = cookie;\n});",
              "err": {},
              "uuid": "6836d9d2-eac9-4aa4-b0ec-0aecb90cad96",
              "parentUUID": "44371056-9c98-4fe6-aa0d-bb171ba71f10",
              "isHook": false,
              "skipped": false
            },
            {
              "title": "Demo how cookie works",
              "fullTitle": "qweqwe Demo how cookie works",
              "timedOut": null,
              "duration": 124,
              "state": "failed",
              "speed": null,
              "pass": false,
              "fail": true,
              "pending": false,
              "context": null,
              "code": "cy.log('Open website main page');\ncy.visit('/');\ncy.log('Check user is unauthorized');\ncy.getCookie('customer').should('be.null');\ncy.log('Set token in cookie');\ncy.setCookie('customer', `${token.value}`);\ncy.log('Cookie is not null');\ncy.getCookie('customer').should('not.be.null');\ncy.log('Reload the page to get authorized user');\ncy.reload();\ncy.log('Reload page to get logged user');\ncy.get('#customernav').should('contain', `Welcome back ${_user.default.username}`);",
              "err": {
                "message": "ReferenceError: token is not defined",
                "estack": "ReferenceError: token is not defined\n    at Context.eval (webpack:///./cypress/e2e/2 - authorization.cy.js:41:36)",
                "diff": null
              },
              "uuid": "be91e533-8d81-4221-83b9-73b5dcb0f4d8",
              "parentUUID": "44371056-9c98-4fe6-aa0d-bb171ba71f10",
              "isHook": false,
              "skipped": false
            }
          ],
          "suites": [],
          "passes": [
            "6836d9d2-eac9-4aa4-b0ec-0aecb90cad96"
          ],
          "failures": [
            "be91e533-8d81-4221-83b9-73b5dcb0f4d8"
          ],
          "pending": [],
          "skipped": [],
          "duration": 1936,
          "root": false,
          "rootEmpty": false,
          "_timeout": 2000
        }
      ],
      "passes": [],
      "failures": [],
      "pending": [],
      "skipped": [],
      "duration": 0,
      "root": true,
      "rootEmpty": true,
      "_timeout": 2000
    }
  ],
  "meta": {
    "mocha": {
      "version": "7.0.1"
    },
    "mochawesome": {
      "options": {
        "quiet": false,
        "reportFilename": "mochawesome",
        "saveHtml": true,
        "saveJson": true,
        "consoleReporter": "spec",
        "useInlineDiffs": false,
        "code": true
      },
      "version": "7.1.3"
    },
    "marge": {
      "options": {
        "configFile": "reporter-config.json",
        "reportDir": "cypress/results",
        "overwrite": false,
        "html": true,
        "json": true
      },
      "version": "6.2.0"
    }
  }
}