{
  "stats": {
    "suites": 0,
    "tests": 2,
    "passes": 2,
    "pending": 1,
    "failures": -1,
    "start": "2022-10-30T13:15:56.622Z",
    "end": "2022-10-30T13:16:06.867Z",
    "duration": 10245,
    "testsRegistered": 3,
    "passPercent": 100,
    "pendingPercent": 33.33333333333333,
    "other": 1,
    "hasOther": true,
    "skipped": 0,
    "hasSkipped": false
  },
  "results": [
    {
      "uuid": "2b643c66-0b1f-4e3c-8c9b-bddb56af02a8",
      "title": "",
      "fullFile": "cypress/e2e/1 - registration.cy.js",
      "file": "cypress/e2e/1 - registration.cy.js",
      "beforeHooks": [],
      "afterHooks": [],
      "tests": [
        {
          "title": "Registration",
          "fullTitle": "Registration",
          "timedOut": null,
          "duration": 0,
          "state": "pending",
          "speed": null,
          "pass": false,
          "fail": false,
          "pending": true,
          "context": null,
          "code": "",
          "err": {},
          "uuid": "267b466a-e1a5-43ed-add4-dd32174c1db0",
          "parentUUID": "2b643c66-0b1f-4e3c-8c9b-bddb56af02a8",
          "isHook": false,
          "skipped": false
        },
        {
          "title": "Registration",
          "fullTitle": "Registration",
          "timedOut": null,
          "duration": 8162,
          "state": "passed",
          "speed": "medium",
          "pass": true,
          "fail": false,
          "pending": false,
          "context": null,
          "code": "cy.visit('/');\ncy.get('.topnavbar [data-id=\"menu_account\"]').click();\ncy.get('#accountFrm button').click();\ncy.get('#AccountFrm_firstname').type(user.firstName);\ncy.get('#AccountFrm_lastname').type(user.lastName);\ncy.get('#AccountFrm_email').type(user.email);\ncy.get('#AccountFrm_address_1').type(user.address);\ncy.get('#AccountFrm_city').type(user.city);\ncy.get('#AccountFrm_zone_id').select(1);\ncy.get('#AccountFrm_postcode').type(user.postCode);\ncy.get('#AccountFrm_country_id').select(user.countryId);\ncy.get('#AccountFrm_loginname').type(user.username);\ncy.get('#AccountFrm_password').type(user.password);\ncy.get('#AccountFrm_confirm').type(user.password);\ncy.get('#AccountFrm_newsletter0').check();\ncy.get('#AccountFrm_agree').check();\ncy.get('button[title=\"Continue\"]').click();\ncy.get('#maincontainer').contains(user.firstName).should('exist');",
          "err": {},
          "uuid": "4c0ff2b6-0293-41ea-a54c-7d71528032e6",
          "parentUUID": "2b643c66-0b1f-4e3c-8c9b-bddb56af02a8",
          "isHook": false,
          "skipped": false
        },
        {
          "title": "Authorization",
          "fullTitle": "Authorization",
          "timedOut": null,
          "duration": 2047,
          "state": "passed",
          "speed": "fast",
          "pass": true,
          "fail": false,
          "pending": false,
          "context": null,
          "code": "cy.log('Open website login page');\ncy.visit('/index.php?rt=account/login');\ncy.log('Check user is unauthorized');\ncy.getCookie('customer').should('be.null');\ncy.log('Authorize user');\ncy.get('#loginFrm_loginname').type(user.username);\ncy.get('#loginFrm_password').type(user.password);\ncy.get('button[type=\"submit\"]').contains('Login').click();\nconsole.log(user);",
          "err": {},
          "uuid": "14c66c62-0b23-420a-aa2e-39f7e0050a84",
          "parentUUID": "2b643c66-0b1f-4e3c-8c9b-bddb56af02a8",
          "isHook": false,
          "skipped": false
        }
      ],
      "suites": [],
      "passes": [
        "4c0ff2b6-0293-41ea-a54c-7d71528032e6",
        "14c66c62-0b23-420a-aa2e-39f7e0050a84"
      ],
      "failures": [],
      "pending": [
        "267b466a-e1a5-43ed-add4-dd32174c1db0"
      ],
      "skipped": [],
      "duration": 10209,
      "root": true,
      "rootEmpty": false,
      "_timeout": 2000
    }
  ],
  "meta": {
    "mocha": {
      "version": "7.0.1"
    },
    "mochawesome": {
      "options": {
        "quiet": false,
        "reportFilename": "mochawesome",
        "saveHtml": true,
        "saveJson": true,
        "consoleReporter": "spec",
        "useInlineDiffs": false,
        "code": true
      },
      "version": "7.1.3"
    },
    "marge": {
      "options": {
        "configFile": "reporter-config.json",
        "reportDir": "cypress/results",
        "overwrite": false,
        "html": true,
        "json": true
      },
      "version": "6.2.0"
    }
  }
}