{
  "stats": {
    "suites": 0,
    "tests": 1,
    "passes": 0,
    "pending": 0,
    "failures": 1,
    "start": "2022-10-30T13:27:08.755Z",
    "end": "2022-10-30T13:27:12.874Z",
    "duration": 4119,
    "testsRegistered": 1,
    "passPercent": 0,
    "pendingPercent": 0,
    "other": 0,
    "hasOther": false,
    "skipped": 0,
    "hasSkipped": false
  },
  "results": [
    {
      "uuid": "51daa43c-6c44-428f-8eeb-a23a8b08e796",
      "title": "",
      "fullFile": "cypress/e2e/4 - pageObjectTest.cy.js",
      "file": "cypress/e2e/4 - pageObjectTest.cy.js",
      "beforeHooks": [],
      "afterHooks": [],
      "tests": [
        {
          "title": "Order",
          "fullTitle": "Order",
          "timedOut": null,
          "duration": 4095,
          "state": "failed",
          "speed": null,
          "pass": false,
          "fail": true,
          "pending": false,
          "context": null,
          "code": "cy.setCookie(\"AC_SF_8CEFDA09D5\", _user.default.session.sessionToken);\n_HomePage.default.getLoginHeading();\n_HomePage.default.getSearchInput();",
          "err": {
            "message": "AssertionError: Timed out retrying after 4000ms: Expected to find element: `[data-test=\"login\"]`, but never found it.",
            "estack": "AssertionError: Timed out retrying after 4000ms: Expected to find element: `[data-test=\"login\"]`, but never found it.\n    at HomePage.getLoginHeading (webpack:///./cypress/support/pages/HomePage.js:9:18)\n    at Context.eval (webpack:///./cypress/e2e/4 - pageObjectTest.cy.js:9:13)",
            "diff": null
          },
          "uuid": "d3ee9b38-e50b-4df7-8844-f6ab3f92d98c",
          "parentUUID": "51daa43c-6c44-428f-8eeb-a23a8b08e796",
          "isHook": false,
          "skipped": false
        }
      ],
      "suites": [],
      "passes": [],
      "failures": [
        "d3ee9b38-e50b-4df7-8844-f6ab3f92d98c"
      ],
      "pending": [],
      "skipped": [],
      "duration": 4095,
      "root": true,
      "rootEmpty": false,
      "_timeout": 2000
    }
  ],
  "meta": {
    "mocha": {
      "version": "7.0.1"
    },
    "mochawesome": {
      "options": {
        "quiet": false,
        "reportFilename": "mochawesome",
        "saveHtml": true,
        "saveJson": true,
        "consoleReporter": "spec",
        "useInlineDiffs": false,
        "code": true
      },
      "version": "7.1.3"
    },
    "marge": {
      "options": {
        "configFile": "reporter-config.json",
        "reportDir": "cypress/results",
        "overwrite": false,
        "html": true,
        "json": true
      },
      "version": "6.2.0"
    }
  }
}