{
  "stats": {
    "suites": 1,
    "tests": 1,
    "passes": 1,
    "pending": 0,
    "failures": 0,
    "start": "2022-10-30T14:23:52.331Z",
    "end": "2022-10-30T14:23:54.243Z",
    "duration": 1912,
    "testsRegistered": 1,
    "passPercent": 100,
    "pendingPercent": 0,
    "other": 0,
    "hasOther": false,
    "skipped": 0,
    "hasSkipped": false
  },
  "results": [
    {
      "uuid": "0a8694d8-1c9b-4ccb-acf3-d02676737208",
      "title": "",
      "fullFile": "cypress/e2e/5 - authorizationPageObject.cy.js",
      "file": "cypress/e2e/5 - authorizationPageObject.cy.js",
      "beforeHooks": [],
      "afterHooks": [],
      "tests": [],
      "suites": [
        {
          "uuid": "6204ea1a-b02d-4ce7-86c4-a39e698ec818",
          "title": "Authorization suite",
          "fullFile": "",
          "file": "",
          "beforeHooks": [],
          "afterHooks": [],
          "tests": [
            {
              "title": "Authorization",
              "fullTitle": "Authorization suite Authorization",
              "timedOut": null,
              "duration": 1895,
              "state": "passed",
              "speed": "fast",
              "pass": true,
              "fail": false,
              "pending": false,
              "context": null,
              "code": "_LoginPage.default.visit();\n_LoginPage.default.assertUserUnauthorized();\n_LoginPage.default.submitLoginForm(_user.default.email, _user.default.password);",
              "err": {},
              "uuid": "63a5dcda-7128-49db-af75-609535159deb",
              "parentUUID": "6204ea1a-b02d-4ce7-86c4-a39e698ec818",
              "isHook": false,
              "skipped": false
            }
          ],
          "suites": [],
          "passes": [
            "63a5dcda-7128-49db-af75-609535159deb"
          ],
          "failures": [],
          "pending": [],
          "skipped": [],
          "duration": 1895,
          "root": false,
          "rootEmpty": false,
          "_timeout": 2000
        }
      ],
      "passes": [],
      "failures": [],
      "pending": [],
      "skipped": [],
      "duration": 0,
      "root": true,
      "rootEmpty": true,
      "_timeout": 2000
    }
  ],
  "meta": {
    "mocha": {
      "version": "7.0.1"
    },
    "mochawesome": {
      "options": {
        "quiet": false,
        "reportFilename": "mochawesome",
        "saveHtml": true,
        "saveJson": true,
        "consoleReporter": "spec",
        "useInlineDiffs": false,
        "code": true
      },
      "version": "7.1.3"
    },
    "marge": {
      "options": {
        "configFile": "reporter-config.json",
        "reportDir": "cypress/results",
        "overwrite": false,
        "html": true,
        "json": true
      },
      "version": "6.2.0"
    }
  }
}