{
  "stats": {
    "suites": 0,
    "tests": 1,
    "passes": 0,
    "pending": 0,
    "failures": 1,
    "start": "2022-10-30T14:23:33.230Z",
    "end": "2022-10-30T14:23:43.573Z",
    "duration": 10343,
    "testsRegistered": 1,
    "passPercent": 0,
    "pendingPercent": 0,
    "other": 0,
    "hasOther": false,
    "skipped": 0,
    "hasSkipped": false
  },
  "results": [
    {
      "uuid": "3960f861-111a-4618-90f0-4155356d8491",
      "title": "",
      "fullFile": "cypress/e2e/3 - order.cy.js",
      "file": "cypress/e2e/3 - order.cy.js",
      "beforeHooks": [],
      "afterHooks": [],
      "tests": [
        {
          "title": "Order",
          "fullTitle": "Order",
          "timedOut": null,
          "duration": 10308,
          "state": "failed",
          "speed": null,
          "pass": false,
          "fail": true,
          "pending": false,
          "context": null,
          "code": "cy.setCookie(\"AC_SF_8CEFDA09D5\", _user.default.session.sessionToken);\ncy.visit('/');\ncy.get('#filter_keyword').type('i').closest(\"form\").submit(); // cy.get('body').then(body => {\n//     cy.log(`Number: ${body.find('.pagination a:contains(\">\")').length}`)\n//     if(cy.wrap(body).find('.pagination a:contains(\">\")').length > 0){\n//         cy.log('exist')\n//     } else {\n//         cy.log('NOT exist')\n//     }\n// })\n(0, _helper.findNewProd)('Benefit Bella Bamba');\ncy.get('.productpagecart').click();\ncy.get('#cart_checkout1').click();\ncy.get('#checkout_btn').click();\ncy.get('.contentpanel').should('contain', \"Thank you for shopping with us!\");",
          "err": {
            "message": "AssertionError: Timed out retrying after 4000ms: Expected to find element: `#checkout_btn`, but never found it.",
            "estack": "AssertionError: Timed out retrying after 4000ms: Expected to find element: `#checkout_btn`, but never found it.\n    at Context.eval (webpack:///./cypress/e2e/3 - order.cy.js:29:7)",
            "diff": null
          },
          "uuid": "72e488e4-cca4-4de8-aa95-a435f4c446ae",
          "parentUUID": "3960f861-111a-4618-90f0-4155356d8491",
          "isHook": false,
          "skipped": false
        }
      ],
      "suites": [],
      "passes": [],
      "failures": [
        "72e488e4-cca4-4de8-aa95-a435f4c446ae"
      ],
      "pending": [],
      "skipped": [],
      "duration": 10308,
      "root": true,
      "rootEmpty": false,
      "_timeout": 2000
    }
  ],
  "meta": {
    "mocha": {
      "version": "7.0.1"
    },
    "mochawesome": {
      "options": {
        "quiet": false,
        "reportFilename": "mochawesome",
        "saveHtml": true,
        "saveJson": true,
        "consoleReporter": "spec",
        "useInlineDiffs": false,
        "code": true
      },
      "version": "7.1.3"
    },
    "marge": {
      "options": {
        "configFile": "reporter-config.json",
        "reportDir": "cypress/results",
        "overwrite": false,
        "html": true,
        "json": true
      },
      "version": "6.2.0"
    }
  }
}